0 info it worked if it ends with ok
1 verbose cli [ '/usr/bin/node', '/usr/bin/npm', 'install', '-g', 'ember-cli' ]
2 info using npm@1.4.28
3 info using node@v0.10.37
4 verbose node symlink /usr/bin/node
5 verbose cache add [ 'ember-cli', null ]
6 verbose cache add name=undefined spec="ember-cli" args=["ember-cli",null]
7 verbose parsed url { protocol: null,
7 verbose parsed url   slashes: null,
7 verbose parsed url   auth: null,
7 verbose parsed url   host: null,
7 verbose parsed url   port: null,
7 verbose parsed url   hostname: null,
7 verbose parsed url   hash: null,
7 verbose parsed url   search: null,
7 verbose parsed url   query: null,
7 verbose parsed url   pathname: 'ember-cli',
7 verbose parsed url   path: 'ember-cli',
7 verbose parsed url   href: 'ember-cli' }
8 silly lockFile 63e15bd3-ember-cli ember-cli
9 verbose lock ember-cli /home/bunna/.npm/63e15bd3-ember-cli.lock
10 silly lockFile 63e15bd3-ember-cli ember-cli
11 silly lockFile 63e15bd3-ember-cli ember-cli
12 verbose addNamed [ 'ember-cli', '' ]
13 verbose addNamed [ null, '*' ]
14 silly lockFile 1645c26a-ember-cli ember-cli@
15 verbose lock ember-cli@ /home/bunna/.npm/1645c26a-ember-cli.lock
16 silly addNameRange { name: 'ember-cli', range: '*', hasData: false }
17 verbose request where is /ember-cli
18 verbose request registry https://registry.npmjs.org/
19 verbose request id c8b290d1ec62e229
20 verbose url raw /ember-cli
21 verbose url resolving [ 'https://registry.npmjs.org/', './ember-cli' ]
22 verbose url resolved https://registry.npmjs.org/ember-cli
23 verbose request where is https://registry.npmjs.org/ember-cli
24 info trying registry request attempt 1 at 08:48:17
25 http GET https://registry.npmjs.org/ember-cli
26 http 200 https://registry.npmjs.org/ember-cli
27 silly registry.get cb [ 200,
27 silly registry.get   { server: 'CouchDB/1.5.0 (Erlang OTP/R16B03)',
27 silly registry.get     etag: '"EJ68BEXO3KZF8MS0N20SSOGO3"',
27 silly registry.get     'content-type': 'application/json',
27 silly registry.get     'cache-control': 'max-age=300',
27 silly registry.get     'content-length': '308510',
27 silly registry.get     'accept-ranges': 'bytes',
27 silly registry.get     date: 'Tue, 01 Mar 2016 01:48:24 GMT',
27 silly registry.get     via: '1.1 varnish',
27 silly registry.get     age: '34',
27 silly registry.get     connection: 'keep-alive',
27 silly registry.get     'x-served-by': 'cache-fra1231-FRA',
27 silly registry.get     'x-cache': 'HIT',
27 silly registry.get     'x-cache-hits': '1',
27 silly registry.get     'x-timer': 'S1456796904.153710,VS0,VE0',
27 silly registry.get     vary: 'Accept' } ]
28 silly addNameRange number 2 { name: 'ember-cli', range: '*', hasData: true }
29 silly addNameRange versions [ 'ember-cli',
29 silly addNameRange   [ '0.0.0',
29 silly addNameRange     '0.0.1',
29 silly addNameRange     '0.0.2',
29 silly addNameRange     '0.0.3',
29 silly addNameRange     '0.0.4',
29 silly addNameRange     '0.0.5',
29 silly addNameRange     '0.0.6',
29 silly addNameRange     '0.0.7',
29 silly addNameRange     '0.0.8',
29 silly addNameRange     '0.0.9',
29 silly addNameRange     '0.0.10',
29 silly addNameRange     '0.0.11',
29 silly addNameRange     '0.0.12',
29 silly addNameRange     '0.0.13',
29 silly addNameRange     '0.0.14',
29 silly addNameRange     '0.0.15',
29 silly addNameRange     '0.0.16',
29 silly addNameRange     '0.0.18',
29 silly addNameRange     '0.0.19',
29 silly addNameRange     '0.0.20',
29 silly addNameRange     '0.0.21',
29 silly addNameRange     '0.0.22',
29 silly addNameRange     '0.0.23',
29 silly addNameRange     '0.0.24',
29 silly addNameRange     '0.0.25',
29 silly addNameRange     '0.0.27',
29 silly addNameRange     '0.0.28',
29 silly addNameRange     '0.0.29',
29 silly addNameRange     '0.0.32',
29 silly addNameRange     '0.0.33',
29 silly addNameRange     '0.0.34',
29 silly addNameRange     '0.0.35',
29 silly addNameRange     '0.0.36',
29 silly addNameRange     '0.0.37',
29 silly addNameRange     '0.0.38',
29 silly addNameRange     '0.0.39',
29 silly addNameRange     '0.0.40',
29 silly addNameRange     '0.0.41',
29 silly addNameRange     '0.0.42',
29 silly addNameRange     '0.0.43',
29 silly addNameRange     '0.0.44',
29 silly addNameRange     '0.0.45',
29 silly addNameRange     '0.0.46',
29 silly addNameRange     '0.0.47',
29 silly addNameRange     '0.1.0',
29 silly addNameRange     '0.1.1',
29 silly addNameRange     '0.1.2',
29 silly addNameRange     '0.1.3',
29 silly addNameRange     '0.1.4',
29 silly addNameRange     '0.1.5',
29 silly addNameRange     '0.1.6',
29 silly addNameRange     '0.1.7',
29 silly addNameRange     '0.1.8',
29 silly addNameRange     '0.1.9',
29 silly addNameRange     '0.1.10',
29 silly addNameRange     '0.1.11',
29 silly addNameRange     '0.1.12',
29 silly addNameRange     '0.1.13',
29 silly addNameRange     '0.1.14',
29 silly addNameRange     '0.1.15',
29 silly addNameRange     '0.2.0-beta.1',
29 silly addNameRange     '0.2.0',
29 silly addNameRange     '0.2.1',
29 silly addNameRange     '0.2.2',
29 silly addNameRange     '0.2.3',
29 silly addNameRange     '0.2.4',
29 silly addNameRange     '0.2.5',
29 silly addNameRange     '0.2.6',
29 silly addNameRange     '0.2.7',
29 silly addNameRange     '1.13.0',
29 silly addNameRange     '1.13.1',
29 silly addNameRange     '1.13.5',
29 silly addNameRange     '1.13.6',
29 silly addNameRange     '1.13.7',
29 silly addNameRange     '1.13.8',
29 silly addNameRange     '1.13.9',
29 silly addNameRange     '1.13.10',
29 silly addNameRange     '1.13.11',
29 silly addNameRange     '1.13.12',
29 silly addNameRange     '1.13.13',
29 silly addNameRange     '2.2.0-beta.1',
29 silly addNameRange     '2.2.0-beta.2',
29 silly addNameRange     '2.2.0-beta.3',
29 silly addNameRange     '1.13.14',
29 silly addNameRange     '2.2.0-beta.4',
29 silly addNameRange     '2.2.0-beta.5',
29 silly addNameRange     '2.2.0-beta.6',
29 silly addNameRange     '2.3.0-beta.1',
29 silly addNameRange     '1.13.15',
29 silly addNameRange     '2.3.0-beta.2',
29 silly addNameRange     '2.3.0' ] ]
30 verbose addNamed [ 'ember-cli', '2.3.0' ]
31 verbose addNamed [ '2.3.0', '2.3.0' ]
32 silly lockFile 4162ee41-ember-cli-2-3-0 ember-cli@2.3.0
33 verbose lock ember-cli@2.3.0 /home/bunna/.npm/4162ee41-ember-cli-2-3-0.lock
34 silly lockFile d31ff545-rg-ember-cli-ember-cli-2-3-0-tgz https://registry.npmjs.org/ember-cli/-/ember-cli-2.3.0.tgz
35 verbose lock https://registry.npmjs.org/ember-cli/-/ember-cli-2.3.0.tgz /home/bunna/.npm/d31ff545-rg-ember-cli-ember-cli-2-3-0-tgz.lock
36 verbose addRemoteTarball [ 'https://registry.npmjs.org/ember-cli/-/ember-cli-2.3.0.tgz',
36 verbose addRemoteTarball   'eb33519baf738a2ac90e945b1494bbe6f4d60dd4' ]
37 info retry fetch attempt 1 at 08:48:19
38 verbose fetch to= /tmp/npm-3792-v_eNEEbj/registry.npmjs.org/ember-cli/-/ember-cli-2.3.0.tgz
39 http GET https://registry.npmjs.org/ember-cli/-/ember-cli-2.3.0.tgz
40 http 200 https://registry.npmjs.org/ember-cli/-/ember-cli-2.3.0.tgz
41 silly lockFile d31ff545-rg-ember-cli-ember-cli-2-3-0-tgz https://registry.npmjs.org/ember-cli/-/ember-cli-2.3.0.tgz
42 silly lockFile d31ff545-rg-ember-cli-ember-cli-2-3-0-tgz https://registry.npmjs.org/ember-cli/-/ember-cli-2.3.0.tgz
43 silly lockFile 4162ee41-ember-cli-2-3-0 ember-cli@2.3.0
44 silly lockFile 4162ee41-ember-cli-2-3-0 ember-cli@2.3.0
45 silly lockFile 1645c26a-ember-cli ember-cli@
46 silly lockFile 1645c26a-ember-cli ember-cli@
47 silly resolved [ { name: 'ember-cli',
47 silly resolved     version: '2.3.0',
47 silly resolved     main: 'lib/cli/index.js',
47 silly resolved     description: 'Command line tool for developing ambitious ember.js apps',
47 silly resolved     trackingCode: 'UA-49225444-1',
47 silly resolved     bin: { ember: './bin/ember' },
47 silly resolved     scripts:
47 silly resolved      { docs: 'node dev/generate-docs.js',
47 silly resolved        lint: 'mocha tests/unit/lint-test',
47 silly resolved        test: 'node tests/runner',
47 silly resolved        'test:debug': 'node debug tests/runner',
47 silly resolved        'test-all': 'node tests/runner all',
47 silly resolved        'test-all:debug': 'node debug tests/runner all',
47 silly resolved        'test-all:cover': 'istanbul cover tests/runner.js all' },
47 silly resolved     repository:
47 silly resolved      { type: 'git',
47 silly resolved        url: 'git+https://github.com/ember-cli/ember-cli.git' },
47 silly resolved     engines: { node: '>= 0.10.0' },
47 silly resolved     keywords:
47 silly resolved      [ 'ember.js',
47 silly resolved        'ember',
47 silly resolved        'cli',
47 silly resolved        'app',
47 silly resolved        'kit',
47 silly resolved        'app-kit',
47 silly resolved        'ember-app-kit' ],
47 silly resolved     author: { name: 'Stefan Penner, Robert Jackson and ember-cli contributors' },
47 silly resolved     license: 'MIT',
47 silly resolved     bugs: { url: 'https://github.com/ember-cli/ember-cli/issues' },
47 silly resolved     dependencies:
47 silly resolved      { 'amd-name-resolver': '0.0.2',
47 silly resolved        bower: '^1.3.12',
47 silly resolved        'bower-config': '0.6.1',
47 silly resolved        'bower-endpoint-parser': '0.2.2',
47 silly resolved        broccoli: '0.16.9',
47 silly resolved        'broccoli-babel-transpiler': '^5.4.5',
47 silly resolved        'broccoli-concat': '^2.0.4',
47 silly resolved        'broccoli-config-loader': '^1.0.0',
47 silly resolved        'broccoli-config-replace': '^1.1.0',
47 silly resolved        'broccoli-funnel': '^1.0.0',
47 silly resolved        'broccoli-funnel-reducer': '^1.0.0',
47 silly resolved        'broccoli-kitchen-sink-helpers': '^0.3.1',
47 silly resolved        'broccoli-merge-trees': '^1.0.0',
47 silly resolved        'broccoli-plugin': '^1.2.0',
47 silly resolved        'broccoli-sane-watcher': '^1.1.1',
47 silly resolved        'broccoli-source': '^1.1.0',
47 silly resolved        'broccoli-viz': '^2.0.1',
47 silly resolved        chalk: '^1.1.1',
47 silly resolved        'clean-base-url': '^1.0.0',
47 silly resolved        compression: '^1.4.4',
47 silly resolved        configstore: '^1.4.0',
47 silly resolved        'core-object': '0.0.2',
47 silly resolved        cpr: '0.4.2',
47 silly resolved        debug: '^2.1.3',
47 silly resolved        diff: '^1.3.1',
47 silly resolved        'ember-cli-is-package-missing': '^1.0.0',
47 silly resolved        'ember-cli-normalize-entity-name': '^1.0.0',
47 silly resolved        'ember-cli-path-utils': '^1.0.0',
47 silly resolved        'ember-cli-preprocess-registry': '^2.0.0',
47 silly resolved        'ember-cli-string-utils': '^1.0.0',
47 silly resolved        'ember-cli-test-info': '^1.0.0',
47 silly resolved        'ember-router-generator': '^1.0.0',
47 silly resolved        'escape-string-regexp': '^1.0.3',
47 silly resolved        'exists-sync': '0.0.3',
47 silly resolved        exit: '^0.1.2',
47 silly resolved        express: '^4.12.3',
47 silly resolved        findup: '0.1.5',
47 silly resolved        'findup-sync': '^0.2.1',
47 silly resolved        'fs-extra': '0.26.2',
47 silly resolved        'fs-monitor-stack': '^1.0.2',
47 silly resolved        'fs-tree-diff': '^0.4.4',
47 silly resolved        'get-caller-file': '^1.0.0',
47 silly resolved        'git-repo-info': '^1.0.4',
47 silly resolved        glob: '5.0.13',
47 silly resolved        'http-proxy': '^1.9.0',
47 silly resolved        inflection: '^1.7.0',
47 silly resolved        inquirer: '0.5.1',
47 silly resolved        'is-git-url': '^0.2.0',
47 silly resolved        isbinaryfile: '^2.0.3',
47 silly resolved        leek: '0.0.21',
47 silly resolved        lodash: '^4.0.0',
47 silly resolved        'markdown-it': '4.3.0',
47 silly resolved        'markdown-it-terminal': '0.0.3',
47 silly resolved        'merge-defaults': '^0.2.1',
47 silly resolved        minimatch: '^3.0.0',
47 silly resolved        mkdirp: '^0.5.1',
47 silly resolved        morgan: '^1.5.2',
47 silly resolved        'node-modules-path': '^1.0.0',
47 silly resolved        'node-uuid': '^1.4.3',
47 silly resolved        nopt: '^3.0.1',
47 silly resolved        npm: '2.14.10',
47 silly resolved        'pleasant-progress': '^1.0.2',
47 silly resolved        portfinder: '^0.4.0',
47 silly resolved        'promise-map-series': '^0.2.1',
47 silly resolved        'quick-temp': '0.1.5',
47 silly resolved        readline2: '0.1.1',
47 silly resolved        resolve: '^1.1.6',
47 silly resolved        rimraf: '^2.4.4',
47 silly resolved        rsvp: '^3.0.17',
47 silly resolved        sane: '^1.1.1',
47 silly resolved        semver: '^5.1.0',
47 silly resolved        'silent-error': '^1.0.0',
47 silly resolved        'symlink-or-copy': '^1.0.1',
47 silly resolved        temp: '0.8.3',
47 silly resolved        testem: '^1.3.0',
47 silly resolved        through: '^2.3.6',
47 silly resolved        'tiny-lr': '0.2.1',
47 silly resolved        'tree-sync': '^1.0.0',
47 silly resolved        'walk-sync': '^0.2.6',
47 silly resolved        yam: '0.0.18' },
47 silly resolved     devDependencies:
47 silly resolved      { 'broccoli-filter': '^1.2.2',
47 silly resolved        chai: '^3.4.1',
47 silly resolved        'chai-as-promised': '^5.1.0',
47 silly resolved        'chai-string': '^1.0.0',
47 silly resolved        'codeclimate-test-reporter': '0.1.1',
47 silly resolved        coveralls: '^2.11.2',
47 silly resolved        github: '^0.2.3',
47 silly resolved        istanbul: '^0.3.13',
47 silly resolved        mocha: '^2.2.1',
47 silly resolved        'mocha-eslint': '^1.0.0',
47 silly resolved        'mocha-only-detector': '0.0.2',
47 silly resolved        multiline: '^1.0.2',
47 silly resolved        nock: '^3.4.0',
47 silly resolved        proxyquire: '^1.6.0',
47 silly resolved        'strip-ansi': '^3.0.0',
47 silly resolved        supertest: '0.15.0',
47 silly resolved        'supports-color': '^3.0.0',
47 silly resolved        yuidocjs: '0.6.0' },
47 silly resolved     homepage: 'https://github.com/ember-cli/ember-cli#readme',
47 silly resolved     _id: 'ember-cli@2.3.0',
47 silly resolved     _shasum: 'eb33519baf738a2ac90e945b1494bbe6f4d60dd4',
47 silly resolved     _resolved: 'https://registry.npmjs.org/ember-cli/-/ember-cli-2.3.0.tgz',
47 silly resolved     _from: 'ember-cli@',
47 silly resolved     _npmVersion: '3.6.0',
47 silly resolved     _nodeVersion: '5.6.0',
47 silly resolved     _npmUser: { name: 'rwjblue', email: 'robert.w.jackson@me.com' },
47 silly resolved     maintainers:
47 silly resolved      [ [Object],
47 silly resolved        [Object],
47 silly resolved        [Object],
47 silly resolved        [Object],
47 silly resolved        [Object],
47 silly resolved        [Object],
47 silly resolved        [Object],
47 silly resolved        [Object],
47 silly resolved        [Object],
47 silly resolved        [Object],
47 silly resolved        [Object],
47 silly resolved        [Object] ],
47 silly resolved     dist:
47 silly resolved      { shasum: 'eb33519baf738a2ac90e945b1494bbe6f4d60dd4',
47 silly resolved        tarball: 'http://registry.npmjs.org/ember-cli/-/ember-cli-2.3.0.tgz' },
47 silly resolved     _npmOperationalInternal:
47 silly resolved      { host: 'packages-9-west.internal.npmjs.com',
47 silly resolved        tmp: 'tmp/ember-cli-2.3.0.tgz_1455641350518_0.14224645891226828' },
47 silly resolved     directories: {} } ]
48 info install ember-cli@2.3.0 into /usr/local/lib
49 info installOne ember-cli@2.3.0
50 verbose lib/node_modules/ember-cli unbuild
51 verbose tar unpack /home/bunna/.npm/ember-cli/2.3.0/package.tgz
52 silly lockFile 27815105-local-lib-node-modules-ember-cli tar:///usr/local/lib/node_modules/ember-cli
53 verbose lock tar:///usr/local/lib/node_modules/ember-cli /home/bunna/.npm/27815105-local-lib-node-modules-ember-cli.lock
54 silly lockFile 41db6491--npm-ember-cli-2-3-0-package-tgz tar:///home/bunna/.npm/ember-cli/2.3.0/package.tgz
55 verbose lock tar:///home/bunna/.npm/ember-cli/2.3.0/package.tgz /home/bunna/.npm/41db6491--npm-ember-cli-2-3-0-package-tgz.lock
56 silly gunzTarPerm modes [ '775', '664' ]
57 error Error: EACCES, mkdir '/usr/local/lib/node_modules/ember-cli'
57 error  { [Error: EACCES, mkdir '/usr/local/lib/node_modules/ember-cli']
57 error   errno: 3,
57 error   code: 'EACCES',
57 error   path: '/usr/local/lib/node_modules/ember-cli',
57 error   fstream_type: 'Directory',
57 error   fstream_path: '/usr/local/lib/node_modules/ember-cli',
57 error   fstream_class: 'DirWriter',
57 error   fstream_stack:
57 error    [ '/usr/lib/node_modules/npm/node_modules/fstream/lib/dir-writer.js:36:23',
57 error      '/usr/lib/node_modules/npm/node_modules/mkdirp/index.js:46:53',
57 error      'Object.oncomplete (fs.js:108:15)' ] }
58 error Please try running this command again as root/Administrator.
59 error System Linux 3.19.0-51-generic
60 error command "/usr/bin/node" "/usr/bin/npm" "install" "-g" "ember-cli"
61 error cwd /home/bunna/workspace/Rotati/cif-web
62 error node -v v0.10.37
63 error npm -v 1.4.28
64 error path /usr/local/lib/node_modules/ember-cli
65 error fstream_path /usr/local/lib/node_modules/ember-cli
66 error fstream_type Directory
67 error fstream_class DirWriter
68 error code EACCES
69 error errno 3
70 error stack Error: EACCES, mkdir '/usr/local/lib/node_modules/ember-cli'
71 error fstream_stack /usr/lib/node_modules/npm/node_modules/fstream/lib/dir-writer.js:36:23
71 error fstream_stack /usr/lib/node_modules/npm/node_modules/mkdirp/index.js:46:53
71 error fstream_stack Object.oncomplete (fs.js:108:15)
72 verbose exit [ 3, true ]
